<?xml version="1.0" encoding="UTF-8"?>
<!-- Generated by org.testng.reporters.JUnitReportReporter -->
<testsuite hostname="DESKTOP-T6KLQOF" failures="0" tests="1" name="driverFactory.AppTest" time="28.836" errors="0" timestamp="2024-03-28T12:30:48 IST" skipped="0">
  <testcase classname="driverFactory.AppTest" name="kickStart" time="28.836"/>
</testsuite> <!-- driverFactory.AppTest -->
